<?xml version="1.0" encoding="UTF-8"?>
<!-- Generated by org.testng.reporters.JUnitReportReporter -->
<testsuite hostname="DESKTOP-834EPH1" failures="0" tests="1" name="E2EProject.ForgotTest" time="22.029" errors="0" timestamp="2022-05-16T17:21:23 IST" skipped="0">
  <testcase classname="E2EProject.ForgotTest" name="loginTest" time="22.029"/>
  <system-out/>
</testsuite> <!-- E2EProject.ForgotTest -->
