<?xml version="1.0" encoding="UTF-8"?>
<!-- Generated by org.testng.reporters.JUnitReportReporter -->
<testsuite hostname="DESKTOP-834EPH1" failures="0" tests="1" name="E2EProject.validateNavigationBar" time="0.143" errors="0" timestamp="2022-05-04T16:37:17 IST" skipped="0">
  <testcase classname="E2EProject.validateNavigationBar" name="PageNavigation" time="0.143"/>
  <system-out/>
</testsuite> <!-- E2EProject.validateNavigationBar -->
