<?xml version="1.0" encoding="UTF-8"?>
<!-- Generated by org.testng.reporters.JUnitReportReporter -->
<testsuite hostname="DESKTOP-834EPH1" failures="0" tests="2" name="E2EProject.HomePage" time="45.533" errors="0" timestamp="2022-05-19T14:38:55 IST" skipped="0">
  <testcase classname="E2EProject.HomePage" name="loginTest" time="26.267"/>
  <system-out/>
  <testcase classname="E2EProject.HomePage" name="loginTest" time="19.266"/>
  <system-out/>
</testsuite> <!-- E2EProject.HomePage -->
